\BOOKMARK [1][-]{section.1}{Introduction}{}% 1
\BOOKMARK [2][-]{subsection.1.1}{Theoretical background}{section.1}% 2
\BOOKMARK [2][-]{subsection.1.2}{Experimental literature and the covariation issue}{section.1}% 3
\BOOKMARK [1][-]{section.2}{Experiment 1}{}% 4
\BOOKMARK [2][-]{subsection.2.1}{Methods}{section.2}% 5
\BOOKMARK [3][-]{subsubsection.2.1.1}{Participants}{subsection.2.1}% 6
\BOOKMARK [3][-]{subsubsection.2.1.2}{Materials}{subsection.2.1}% 7
\BOOKMARK [3][-]{subsubsection.2.1.3}{Design}{subsection.2.1}% 8
\BOOKMARK [3][-]{subsubsection.2.1.4}{Procedure}{subsection.2.1}% 9
\BOOKMARK [2][-]{subsection.2.2}{Results}{section.2}% 10
\BOOKMARK [3][-]{subsubsection.2.2.1}{Data treatment}{subsection.2.2}% 11
\BOOKMARK [3][-]{subsubsection.2.2.2}{Analysis procedure}{subsection.2.2}% 12
\BOOKMARK [3][-]{subsubsection.2.2.3}{Analysis}{subsection.2.2}% 13
\BOOKMARK [2][-]{subsection.2.3}{Discussion}{section.2}% 14
\BOOKMARK [1][-]{section.3}{Experiment 2}{}% 15
\BOOKMARK [2][-]{subsection.3.1}{Methods}{section.3}% 16
\BOOKMARK [3][-]{subsubsection.3.1.1}{Participants}{subsection.3.1}% 17
\BOOKMARK [3][-]{subsubsection.3.1.2}{Materials}{subsection.3.1}% 18
\BOOKMARK [3][-]{subsubsection.3.1.3}{Design}{subsection.3.1}% 19
\BOOKMARK [2][-]{subsection.3.2}{Results}{section.3}% 20
\BOOKMARK [2][-]{subsection.3.3}{Discussion}{section.3}% 21
\BOOKMARK [1][-]{section.4}{General Discussion}{}% 22
