\BOOKMARK [1][-]{section.1}{Introduction}{}% 1
\BOOKMARK [2][-]{subsection.1.1}{Phenomena}{section.1}% 2
\BOOKMARK [2][-]{subsection.1.2}{Distributivity and co-variation}{section.1}% 3
\BOOKMARK [2][-]{subsection.1.3}{Distributivity without covariation}{section.1}% 4
\BOOKMARK [2][-]{subsection.1.4}{Goals}{section.1}% 5
\BOOKMARK [1][-]{section.2}{Experiment 1}{}% 6
\BOOKMARK [2][-]{subsection.2.1}{Methods}{section.2}% 7
\BOOKMARK [3][-]{subsubsection.2.1.1}{Participants}{subsection.2.1}% 8
\BOOKMARK [3][-]{subsubsection.2.1.2}{Materials}{subsection.2.1}% 9
\BOOKMARK [3][-]{subsubsection.2.1.3}{Design}{subsection.2.1}% 10
\BOOKMARK [2][-]{subsection.2.2}{Results}{section.2}% 11
\BOOKMARK [2][-]{subsection.2.3}{Discussion}{section.2}% 12
\BOOKMARK [1][-]{section.3}{Experiment 2}{}% 13
\BOOKMARK [2][-]{subsection.3.1}{Methods}{section.3}% 14
\BOOKMARK [3][-]{subsubsection.3.1.1}{Participants}{subsection.3.1}% 15
\BOOKMARK [3][-]{subsubsection.3.1.2}{Materials}{subsection.3.1}% 16
\BOOKMARK [3][-]{subsubsection.3.1.3}{Design}{subsection.3.1}% 17
\BOOKMARK [2][-]{subsection.3.2}{Results}{section.3}% 18
\BOOKMARK [2][-]{subsection.3.3}{Discussion}{section.3}% 19
\BOOKMARK [1][-]{section.4}{General Discussion}{}% 20
